
2023-05-10 13:40:41,779 - __main__ - INFO - scrape_tasks activated
2023-05-10 13:40:41,779 - __main__ - INFO - open_url_link activated
2023-05-10 13:40:58,170 - __main__ - INFO - open_url_link finished
2023-05-10 13:40:58,171 - __main__ - INFO - scrape_tasks activated
2023-05-10 13:40:58,285 - __main__ - INFO - Searching for previous tasks
2023-05-10 13:40:58,285 - __main__ - INFO - found previous tasks
2023-05-10 13:40:58,377 - __main__ - INFO - scrape_tasks finished, JSON file created
2023-05-10 13:41:00,436 - __main__ - INFO - get_new_dictionaries activated
2023-05-10 13:41:00,437 - __main__ - INFO - Finished running, no updates found
2023-05-10 13:51:09,805 - __main__ - INFO - scrape_tasks activated
2023-05-10 13:51:09,805 - __main__ - INFO - open_url_link activated
2023-05-10 13:51:28,425 - __main__ - INFO - open_url_link finished
2023-05-10 13:51:28,425 - __main__ - INFO - scrape_tasks activated
2023-05-10 13:51:28,477 - __main__ - INFO - Searching for previous tasks
2023-05-10 13:51:28,478 - __main__ - INFO - found previous tasks
2023-05-10 13:51:28,537 - __main__ - INFO - scrape_tasks finished, JSON file created
2023-05-10 13:51:30,597 - __main__ - INFO - get_new_dictionaries activated
2023-05-10 13:51:30,599 - __main__ - INFO - Finished running, no updates found
2023-05-10 14:00:31,729 - __main__ - INFO - scrape_tasks activated
2023-05-10 14:00:31,730 - __main__ - INFO - open_url_link activated
2023-05-10 14:00:49,159 - __main__ - INFO - open_url_link finished
2023-05-10 14:00:49,159 - __main__ - INFO - scrape_tasks activated
2023-05-10 14:00:49,172 - __main__ - INFO - Searching for previous tasks
2023-05-10 14:00:49,172 - __main__ - INFO - found previous tasks
2023-05-10 14:00:49,233 - __main__ - INFO - scrape_tasks finished, JSON file created
2023-05-10 14:00:51,291 - __main__ - INFO - get_new_dictionaries activated
2023-05-10 14:00:51,291 - __main__ - INFO - Finished running, no updates found
